<?xml version="1.0" encoding="UTF-8"?>
<testng-results skipped="0" failed="0" ignored="0" total="1" passed="1">
  <reporter-output>
    <line>
      <![CDATA[<div style="display:block;margin-left:10px;"><div  class="pass"><span class="pass-label">P </span>FlipKartHomePage verification
Expected: a string containing "Online Shopping Site for Mobiles, Fashion, Books, Electronics, Home Appliances and More"
     Actual: was "Online Shopping Site for Mobiles, Fashion, Books, Electronics, Home Appliances and More" <a href="../img/testItemOrderSteps_1pkc6hsbzuek5587.png" target="_blank">[View Screenshot]</a> </div><div  class="pass"><span class="pass-label">P </span>
Expected: a value greater than &lt;0&gt;
     Actual: &lt;40&gt; was greater than &lt;0&gt; <a href="../img/testItemOrderSteps_ed7klod2mjzp5588.png" target="_blank">[View Screenshot]</a> </div><div  class="pass"><span class="pass-label">P </span>
Expected: a string containing "Love Crochet Art Booties"
     Actual: was "Love Crochet Art Booties  (Toe to Heel Length - 10 cm Blue)" <a href="../img/testItemOrderSteps_1i4udexmnxkob5589.png" target="_blank">[View Screenshot]</a> </div><div  class="pass"><span class="pass-label">P </span>
Expected: a string containing "₹249"
     Actual: was "₹249" <a href="../img/testItemOrderSteps_c8qxwj8b0gom5590.png" target="_blank">[View Screenshot]</a> </div></div>]]>
    </line>
  </reporter-output>
  <suite name="Default suite" duration-ms="26904" started-at="2018-01-24T04:55:59Z" finished-at="2018-01-24T04:56:26Z">
    <groups>
    </groups>
    <test name="Default test" duration-ms="26904" started-at="2018-01-24T04:55:59Z" finished-at="2018-01-24T04:56:26Z">
      <class name="com.web_flipkart.steps.FlipkartItemOrderSteps">
        <test-method status="PASS" signature="testItemOrderSteps()[pri:0, instance:com.web_flipkart.steps.FlipkartItemOrderSteps@70be0a2b]" name="testItemOrderSteps" duration-ms="26842" started-at="2018-01-24T10:25:59Z" finished-at="2018-01-24T10:26:26Z">
          <reporter-output>
            <line>
              <![CDATA[<div style="display:block;margin-left:10px;"><div  class="pass"><span class="pass-label">P </span>FlipKartHomePage verification
Expected: a string containing "Online Shopping Site for Mobiles, Fashion, Books, Electronics, Home Appliances and More"
     Actual: was "Online Shopping Site for Mobiles, Fashion, Books, Electronics, Home Appliances and More" <a href="../img/testItemOrderSteps_1pkc6hsbzuek5587.png" target="_blank">[View Screenshot]</a> </div><div  class="pass"><span class="pass-label">P </span>
Expected: a value greater than &lt;0&gt;
     Actual: &lt;40&gt; was greater than &lt;0&gt; <a href="../img/testItemOrderSteps_ed7klod2mjzp5588.png" target="_blank">[View Screenshot]</a> </div><div  class="pass"><span class="pass-label">P </span>
Expected: a string containing "Love Crochet Art Booties"
     Actual: was "Love Crochet Art Booties  (Toe to Heel Length - 10 cm Blue)" <a href="../img/testItemOrderSteps_1i4udexmnxkob5589.png" target="_blank">[View Screenshot]</a> </div><div  class="pass"><span class="pass-label">P </span>
Expected: a string containing "₹249"
     Actual: was "₹249" <a href="../img/testItemOrderSteps_c8qxwj8b0gom5590.png" target="_blank">[View Screenshot]</a> </div></div>]]>
            </line>
          </reporter-output>
        </test-method> <!-- testItemOrderSteps -->
      </class> <!-- com.web_flipkart.steps.FlipkartItemOrderSteps -->
    </test> <!-- Default test -->
  </suite> <!-- Default suite -->
</testng-results>
